Arguments: 
  C:\Program Files\nodejs\node.exe C:\Users\ADMIN\AppData\Roaming\npm\node_modules\yarn\bin\yarn.js add axios

PATH: 
  C:\Program Files\ConEmu\ConEmu\Scripts;C:\Program Files\ConEmu\ConEmu\Scripts;C:\Program Files\ConEmu;C:\Program Files\ConEmu\ConEmu;C:\ProgramData\Oracle\Java\javapath;C:\WINDOWS\system32;C:\WINDOWS;C:\WINDOWS\System32\Wbem;C:\WINDOWS\System32\WindowsPowerShell\v1.0\;C:\Program Files\Oracle\VirtualBox;C:\Program Files\MongoDB\Server\3.6\bin;C:\HashiCorp\Vagrant\bin;C:\Program Files\RabbitMQ Server\rabbitmq_server-3.7.4\sbin;C:\Program Files\Git\cmd;C:\WINDOWS\System32\OpenSSH\;C:\Program Files\Heroku\bin;C:\Program Files\PostgreSQL\10\bin;C:\Program Files\Microsoft VS Code\bin;"C:\Users\ADMIN\Downloads\dart-sass-1.14.0-windows-x64\dart-sass;";C:\php;C:\ProgramData\ComposerSetup\bin;C:\Program Files\nodejs\;C:\Program Files\Docker Toolbox;C:\Users\ADMIN\AppData\Local\Microsoft\WindowsApps;C:\Users\ADMIN\AppData\Local\Android\Sdk\platform-tools;C:\Users\ADMIN\AppData\Roaming\Composer\vendor\bin;C:\Users\ADMIN\AppData\Roaming\npm

Yarn version: 
  1.13.0

Node version: 
  9.10.0

Platform: 
  win32 x64

Trace: 
  Error: getaddrinfo ENOTFOUND registry.yarnpkg.com registry.yarnpkg.com:443
      at GetAddrInfoReqWrap.onlookup [as oncomplete] (dns.js:67:26)

npm manifest: 
  {
    "name": "boilerplate",
    "version": "1.0.0",
    "main": "index.js",
    "author": "lauralee01 <lauraoghwono@gmail.com>",
    "license": "MIT",
    "scripts": {
      "serve": "live-server public/",
      "build": "webpack",
      "dev-server": "webpack-dev-server"
    },
    "dependencies": {
      "babel-cli": "^6.26.0",
      "babel-core": "^6.25.0",
      "babel-loader": "^7.1.1",
      "babel-plugin-transform-class-properties": "^6.24.1",
      "babel-preset-env": "^1.7.0",
      "babel-preset-react": "^6.24.1",
      "react": "^16.6.0",
      "react-dom": "^16.6.0",
      "react-modal": "^3.6.1",
      "webpack": "^4.22.0",
      "webpack-dev-server": "^3.1.10"
    },
    "devDependencies": {
      "webpack-cli": "^3.1.2"
    }
  }

yarn manifest: 
  No manifest

Lockfile: 
  No lockfile
